2026-02-04 13:44:16 - Starting task synchronization...
2026-02-04 13:44:17 - Scanning TheDanielMalka/DevOps-Roadmap-...
2026-02-04 13:44:21 - Scanning TheDanielMalka/LeetCode...
2026-02-04 13:44:21 - Scanning TheDanielMalka/linux-resource-monitor...
2026-02-04 13:44:23 - Scanning TheDanielMalka/MEGO...
2026-02-04 13:44:24 - Scanning TheDanielMalka/MiniGames...
2026-02-04 13:44:24 - Sync completed successfully.
2026-02-04 13:54:01 - Starting task synchronization...
2026-02-04 13:54:02 - Scanning TheDanielMalka/DevOps-Roadmap-...
2026-02-04 13:54:05 - Scanning TheDanielMalka/LeetCode...
2026-02-04 13:54:05 - Scanning TheDanielMalka/linux-resource-monitor...
2026-02-04 13:54:07 - Scanning TheDanielMalka/MEGO...
2026-02-04 13:54:08 - Scanning TheDanielMalka/MiniGames...
2026-02-04 13:54:08 - Sync completed successfully.
2026-02-07 20:47:44 - Starting task synchronization...
2026-02-07 20:47:46 - Scanning TheDanielMalka/linux-resource-monitor...
2026-02-07 20:47:49 - Scanning TheDanielMalka/DevOps-Roadmap-...
2026-02-07 20:47:53 - Scanning TheDanielMalka/LeetCode...
2026-02-07 20:47:53 - Scanning TheDanielMalka/MEGO...
2026-02-07 20:47:54 - Scanning TheDanielMalka/MiniGames...
2026-02-07 20:47:55 - Sync completed successfully.
2026-02-08 12:24:26 - Starting task synchronization...
2026-02-08 12:24:27 - Scanning TheDanielMalka/DevOps-Roadmap-...
2026-02-08 12:24:30 - Scanning TheDanielMalka/linux-resource-monitor...
2026-02-08 12:24:31 - Scanning TheDanielMalka/LeetCode...
2026-02-08 12:24:32 - Scanning TheDanielMalka/MEGO...
2026-02-08 12:24:32 - Scanning TheDanielMalka/MiniGames...
2026-02-08 12:24:33 - Sync completed successfully.
2026-02-09 14:08:51 - Starting task synchronization...
2026-02-09 14:08:52 - Scanning TheDanielMalka/MEGO...
2026-02-09 14:08:53 - Scanning TheDanielMalka/DevOps-Roadmap-...
2026-02-09 14:08:57 - Scanning TheDanielMalka/TaskManager...
2026-02-09 14:08:58 - Scanning TheDanielMalka/linux-resource-monitor...
2026-02-09 14:08:58 - Scanning TheDanielMalka/LeetCode...
2026-02-09 14:08:59 - Scanning TheDanielMalka/MiniGames...
2026-02-09 14:09:00 - Sync completed successfully.
