<<<<<<< HEAD
2026-02-18 11:50:37 - Starting task synchronization...
2026-02-18 11:50:38 - Scanning TheDanielMalka/DevOps-Roadmap-...
2026-02-18 11:50:48 - Scanning TheDanielMalka/Project-Arena...
2026-02-18 11:51:01 - Scanning TheDanielMalka/LeetCode...
2026-02-18 11:51:02 - Scanning TheDanielMalka/MEGO...
2026-02-18 11:51:02 - Scanning TheDanielMalka/TaskManager...
2026-02-18 11:51:03 - Scanning TheDanielMalka/linux-resource-monitor...
2026-02-18 11:51:03 - Scanning TheDanielMalka/MiniGames...
2026-02-18 11:51:04 - Sync completed successfully.
2026-02-18 11:57:57 - Starting task synchronization...
2026-02-18 11:57:58 - Scanning TheDanielMalka/DevOps-Roadmap-...
2026-02-18 11:58:03 - Scanning TheDanielMalka/Project-Arena...
2026-02-18 11:58:17 - Scanning TheDanielMalka/LeetCode...
2026-02-18 11:58:17 - Scanning TheDanielMalka/MEGO...
2026-02-18 11:58:18 - Scanning TheDanielMalka/TaskManager...
2026-02-18 11:58:18 - Scanning TheDanielMalka/linux-resource-monitor...
2026-02-18 11:58:18 - Scanning TheDanielMalka/MiniGames...
2026-02-18 11:58:19 - Sync completed successfully.
=======
2026-02-18 13:59:21 - Starting task synchronization...
2026-02-18 13:59:22 - Scanning TheDanielMalka/DevOps-Roadmap-...
2026-02-18 13:59:28 - Scanning TheDanielMalka/Project-Arena...
2026-02-18 13:59:55 - Scanning TheDanielMalka/LeetCode...
2026-02-18 13:59:56 - Scanning TheDanielMalka/MEGO...
2026-02-18 13:59:56 - Scanning TheDanielMalka/TaskManager...
2026-02-18 13:59:56 - Scanning TheDanielMalka/linux-resource-monitor...
2026-02-18 13:59:57 - Scanning TheDanielMalka/MiniGames...
2026-02-18 13:59:57 - Sync completed successfully.
>>>>>>> 2a40df7 ( SCRUM-38 #DONE #COMMENT #time 1h 'docs: Docker Compose concepts & practical setup - Learned docker-compose.yml structure (services, volumes, networks) - Practiced up/down/ps/logs commands - Tested service communication and depends_on - Used env_file for environment variables - Ran app + Postgres multi-container setup' Relates #58)
